<?xml version="1.0" encoding="UTF-8"?>
<!-- Generated by org.testng.reporters.JUnitXMLReporter -->
<testsuite ignored="0" hostname="HYDHTC310560L" failures="1" tests="1" name="Test" time="3.886" errors="0" timestamp="2021-03-29T22:02:59 IST">
  <testcase classname="io.cucumber.testng.AbstractTestNGCucumberTests" name="runScenario" time="3.232">
    <failure type="java.lang.NullPointerException">
      <![CDATA[java.lang.NullPointerException
at massMutual.gui.stepDefinitions.HomePageStepDefinitions.tearDown(HomePageStepDefinitions.java:81)
]]>
    </failure>
  </testcase> <!-- runScenario -->
</testsuite> <!-- Test -->
