<?xml version="1.0" encoding="UTF-8"?>
<testng-results ignored="0" total="1" passed="0" failed="1" skipped="0">
  <reporter-output>
  </reporter-output>
  <suite started-at="2021-03-29T22:02:55 IST" name="Suite" finished-at="2021-03-29T22:02:59 IST" duration-ms="3886">
    <groups>
      <group name="cucumber">
        <method signature="AbstractTestNGCucumberTests.runScenario(io.cucumber.testng.PickleWrapper, io.cucumber.testng.FeatureWrapper)[pri:0, instance:massMutual.gui.Runner@55414947]" name="runScenario" class="io.cucumber.testng.AbstractTestNGCucumberTests"/>
      </group> <!-- cucumber -->
    </groups>
    <test started-at="2021-03-29T22:02:55 IST" name="Test" finished-at="2021-03-29T22:02:59 IST" duration-ms="3886">
      <class name="massMutual.gui.Runner">
        <test-method is-config="true" signature="setUpClass()[pri:0, instance:massMutual.gui.Runner@55414947]" started-at="2021-03-29T22:02:55 IST" name="setUpClass" finished-at="2021-03-29T22:02:56 IST" duration-ms="201" status="PASS">
          <reporter-output>
          </reporter-output>
        </test-method> <!-- setUpClass -->
        <test-method signature="runScenario(io.cucumber.testng.PickleWrapper, io.cucumber.testng.FeatureWrapper)[pri:0, instance:massMutual.gui.Runner@55414947]" started-at="2021-03-29T22:02:56 IST" name="runScenario" description="Runs Cucumber Scenarios" data-provider="scenarios" finished-at="2021-03-29T22:02:59 IST" duration-ms="3232" status="FAIL">
          <params>
            <param index="0">
              <value>
                <![CDATA["verify all objectives on mock page"]]>
              </value>
            </param>
            <param index="1">
              <value>
                <![CDATA["MassMutual Exercise"]]>
              </value>
            </param>
          </params>
          <exception class="java.lang.NullPointerException">
            <full-stacktrace>
              <![CDATA[java.lang.NullPointerException
at massMutual.gui.stepDefinitions.HomePageStepDefinitions.tearDown(HomePageStepDefinitions.java:81)
]]>
            </full-stacktrace>
          </exception> <!-- java.lang.NullPointerException -->
          <reporter-output>
          </reporter-output>
        </test-method> <!-- runScenario -->
        <test-method is-config="true" signature="tearDownClass()[pri:0, instance:massMutual.gui.Runner@55414947]" started-at="2021-03-29T22:02:59 IST" name="tearDownClass" finished-at="2021-03-29T22:02:59 IST" duration-ms="219" status="PASS">
          <reporter-output>
          </reporter-output>
        </test-method> <!-- tearDownClass -->
      </class> <!-- massMutual.gui.Runner -->
    </test> <!-- Test -->
  </suite> <!-- Suite -->
</testng-results>
